{"D:\\GitHub\\voxel-celebration\\src\\constants.ts": {"path":"D:\\GitHub\\voxel-celebration\\src\\constants.ts","statementMap":{"0":{"start":{"line":1,"column":22},"end":{"line":21,"column":null}},"1":{"start":{"line":23,"column":28},"end":{"line":27,"column":null}},"2":{"start":{"line":29,"column":26},"end":{"line":29,"column":null}}},"fnMap":{},"branchMap":{},"s":{"0":1,"1":1,"2":1},"f":{},"b":{},"meta":{"lastBranch":0,"lastFunction":0,"lastStatement":3,"seen":{"s:1:22:21:Infinity":0,"s:23:28:27:Infinity":1,"s:29:26:29:Infinity":2}}}
,"D:\\GitHub\\voxel-celebration\\src\\utils\\fireworks.ts": {"path":"D:\\GitHub\\voxel-celebration\\src\\utils\\fireworks.ts","statementMap":{"0":{"start":{"line":11,"column":25},"end":{"line":11,"column":null}},"1":{"start":{"line":12,"column":16},"end":{"line":12,"column":null}},"2":{"start":{"line":13,"column":20},"end":{"line":13,"column":null}},"3":{"start":{"line":15,"column":20},"end":{"line":15,"column":null}},"4":{"start":{"line":16,"column":2},"end":{"line":16,"column":null}},"5":{"start":{"line":18,"column":2},"end":{"line":40,"column":null}},"6":{"start":{"line":18,"column":15},"end":{"line":18,"column":18}},"7":{"start":{"line":19,"column":19},"end":{"line":19,"column":null}},"8":{"start":{"line":21,"column":6},"end":{"line":29,"column":null}},"9":{"start":{"line":31,"column":4},"end":{"line":31,"column":null}},"10":{"start":{"line":32,"column":4},"end":{"line":32,"column":null}},"11":{"start":{"line":33,"column":4},"end":{"line":33,"column":null}},"12":{"start":{"line":35,"column":4},"end":{"line":35,"column":null}},"13":{"start":{"line":36,"column":4},"end":{"line":36,"column":null}},"14":{"start":{"line":37,"column":4},"end":{"line":37,"column":null}},"15":{"start":{"line":39,"column":4},"end":{"line":39,"column":null}},"16":{"start":{"line":42,"column":2},"end":{"line":42,"column":null}}},"fnMap":{"0":{"name":"createExplosionParticles","decl":{"start":{"line":6,"column":16},"end":{"line":6,"column":null}},"loc":{"start":{"line":10,"column":18},"end":{"line":43,"column":null}},"line":10}},"branchMap":{"0":{"loc":{"start":{"line":11,"column":25},"end":{"line":11,"column":null}},"type":"binary-expr","locations":[{"start":{"line":11,"column":25},"end":{"line":11,"column":41}},{"start":{"line":11,"column":41},"end":{"line":11,"column":null}}],"line":11},"1":{"loc":{"start":{"line":12,"column":16},"end":{"line":12,"column":null}},"type":"cond-expr","locations":[{"start":{"line":12,"column":50},"end":{"line":12,"column":63}},{"start":{"line":12,"column":63},"end":{"line":12,"column":null}}],"line":12},"2":{"loc":{"start":{"line":15,"column":20},"end":{"line":15,"column":null}},"type":"binary-expr","locations":[{"start":{"line":15,"column":20},"end":{"line":15,"column":33}},{"start":{"line":15,"column":33},"end":{"line":15,"column":null}}],"line":15},"3":{"loc":{"start":{"line":21,"column":6},"end":{"line":29,"column":null}},"type":"binary-expr","locations":[{"start":{"line":21,"column":6},"end":{"line":21,"column":null}},{"start":{"line":22,"column":7},"end":{"line":29,"column":null}}],"line":21}},"s":{"0":3,"1":3,"2":3,"3":3,"4":3,"5":3,"6":3,"7":75,"8":75,"9":75,"10":75,"11":75,"12":75,"13":75,"14":75,"15":75,"16":3},"f":{"0":3},"b":{"0":[3,0],"1":[1,2],"2":[3,3],"3":[75,75]},"meta":{"lastBranch":4,"lastFunction":1,"lastStatement":17,"seen":{"f:6:16:6:Infinity":0,"s:11:25:11:Infinity":0,"b:11:25:11:41:11:41:11:Infinity":0,"s:12:16:12:Infinity":1,"b:12:50:12:63:12:63:12:Infinity":1,"s:13:20:13:Infinity":2,"s:15:20:15:Infinity":3,"b:15:20:15:33:15:33:15:Infinity":2,"s:16:2:16:Infinity":4,"s:18:2:40:Infinity":5,"s:18:15:18:18":6,"s:19:19:19:Infinity":7,"s:21:6:29:Infinity":8,"b:21:6:21:Infinity:22:7:29:Infinity":3,"s:31:4:31:Infinity":9,"s:32:4:32:Infinity":10,"s:33:4:33:Infinity":11,"s:35:4:35:Infinity":12,"s:36:4:36:Infinity":13,"s:37:4:37:Infinity":14,"s:39:4:39:Infinity":15,"s:42:2:42:Infinity":16}}}
,"D:\\GitHub\\voxel-celebration\\src\\utils\\rocket.ts": {"path":"D:\\GitHub\\voxel-celebration\\src\\utils\\rocket.ts","statementMap":{"0":{"start":{"line":7,"column":15},"end":{"line":7,"column":null}},"1":{"start":{"line":8,"column":19},"end":{"line":8,"column":null}},"2":{"start":{"line":9,"column":2},"end":{"line":9,"column":null}}},"fnMap":{"0":{"name":"stepRocketPosition","decl":{"start":{"line":1,"column":16},"end":{"line":1,"column":null}},"loc":{"start":{"line":6,"column":39},"end":{"line":10,"column":null}},"line":6}},"branchMap":{},"s":{"0":2,"1":2,"2":2},"f":{"0":2},"b":{},"meta":{"lastBranch":0,"lastFunction":1,"lastStatement":3,"seen":{"f:1:16:1:Infinity":0,"s:7:15:7:Infinity":0,"s:8:19:8:Infinity":1,"s:9:2:9:Infinity":2}}}
}
