TN:
SF:src\App.tsx
FN:3,(anonymous_0)
FN:5,App
FNF:2
FNH:0
FNDA:0,(anonymous_0)
FNDA:0,App
DA:3,0
DA:6,0
LF:2
LH:0
BRF:0
BRH:0
end_of_record
TN:
SF:src\SceneAtmosphere.tsx
FN:6,SceneAtmosphere
FNF:1
FNH:0
FNDA:0,SceneAtmosphere
DA:7,0
LF:1
LH:0
BRF:0
BRH:0
end_of_record
TN:
SF:src\SceneCanvas.tsx
FN:8,(anonymous_0)
FN:9,(anonymous_1)
FN:10,(anonymous_2)
FN:11,(anonymous_3)
FN:12,(anonymous_4)
FN:13,(anonymous_5)
FN:14,(anonymous_6)
FN:24,(anonymous_7)
FN:27,(anonymous_8)
FN:33,(anonymous_9)
FN:34,(anonymous_10)
FN:40,(anonymous_11)
FN:43,FirstPaintGround
FN:52,WebGLContextListener
FN:53,(anonymous_14)
FN:55,(anonymous_15)
FN:58,(anonymous_16)
FN:63,(anonymous_17)
FN:70,(anonymous_18)
FN:90,Scene
FN:169,SceneCanvas
FN:178,(anonymous_21)
FN:182,(anonymous_22)
FN:193,(anonymous_23)
FN:194,(anonymous_24)
FN:194,(anonymous_25)
FN:197,(anonymous_26)
FN:199,(anonymous_27)
FN:200,(anonymous_28)
FN:201,(anonymous_29)
FN:202,(anonymous_30)
FN:203,(anonymous_31)
FN:206,(anonymous_32)
FN:207,(anonymous_33)
FN:211,(anonymous_34)
FN:212,(anonymous_35)
FNF:36
FNH:0
FNDA:0,(anonymous_0)
FNDA:0,(anonymous_1)
FNDA:0,(anonymous_2)
FNDA:0,(anonymous_3)
FNDA:0,(anonymous_4)
FNDA:0,(anonymous_5)
FNDA:0,(anonymous_6)
FNDA:0,(anonymous_7)
FNDA:0,(anonymous_8)
FNDA:0,(anonymous_9)
FNDA:0,(anonymous_10)
FNDA:0,(anonymous_11)
FNDA:0,FirstPaintGround
FNDA:0,WebGLContextListener
FNDA:0,(anonymous_14)
FNDA:0,(anonymous_15)
FNDA:0,(anonymous_16)
FNDA:0,(anonymous_17)
FNDA:0,(anonymous_18)
FNDA:0,Scene
FNDA:0,SceneCanvas
FNDA:0,(anonymous_21)
FNDA:0,(anonymous_22)
FNDA:0,(anonymous_23)
FNDA:0,(anonymous_24)
FNDA:0,(anonymous_25)
FNDA:0,(anonymous_26)
FNDA:0,(anonymous_27)
FNDA:0,(anonymous_28)
FNDA:0,(anonymous_29)
FNDA:0,(anonymous_30)
FNDA:0,(anonymous_31)
FNDA:0,(anonymous_32)
FNDA:0,(anonymous_33)
FNDA:0,(anonymous_34)
FNDA:0,(anonymous_35)
DA:8,0
DA:9,0
DA:10,0
DA:11,0
DA:12,0
DA:13,0
DA:14,0
DA:24,0
DA:25,0
DA:26,0
DA:27,0
DA:30,0
DA:32,0
DA:33,0
DA:34,0
DA:35,0
DA:39,0
DA:40,0
DA:44,0
DA:53,0
DA:55,0
DA:56,0
DA:58,0
DA:59,0
DA:60,0
DA:63,0
DA:64,0
DA:67,0
DA:68,0
DA:70,0
DA:71,0
DA:72,0
DA:76,0
DA:100,0
DA:102,0
DA:170,0
DA:171,0
DA:172,0
DA:173,0
DA:174,0
DA:175,0
DA:176,0
DA:178,0
DA:179,0
DA:180,0
DA:182,0
DA:193,0
DA:194,0
DA:197,0
DA:198,0
DA:199,0
DA:200,0
DA:201,0
DA:202,0
DA:203,0
DA:206,0
DA:207,0
DA:211,0
DA:212,0
DA:213,0
DA:214,0
DA:215,0
DA:216,0
DA:217,0
DA:218,0
DA:221,0
DA:224,0
LF:67
LH:0
BRDA:25,0,0,0
BRDA:25,0,1,0
BRDA:32,1,0,0
BRDA:32,1,1,0
BRDA:128,2,0,0
BRDA:128,2,1,0
BRDA:130,3,0,0
BRDA:130,3,1,0
BRDA:136,4,0,0
BRDA:136,4,1,0
BRDA:142,5,0,0
BRDA:142,5,1,0
BRDA:148,6,0,0
BRDA:148,6,1,0
BRDA:154,7,0,0
BRDA:154,7,1,0
BRDA:160,8,0,0
BRDA:160,8,1,0
BRDA:245,9,0,0
BRDA:245,9,1,0
BRF:20
BRH:0
end_of_record
TN:
SF:src\SceneControls.tsx
FN:4,SceneControls
FNF:1
FNH:0
FNDA:0,SceneControls
DA:5,0
LF:1
LH:0
BRF:0
BRH:0
end_of_record
TN:
SF:src\SceneLanterns.tsx
FN:11,SceneLanterns
FN:14,(anonymous_1)
FNF:2
FNH:0
FNDA:0,SceneLanterns
FNDA:0,(anonymous_1)
DA:5,0
DA:12,0
DA:15,0
LF:3
LH:0
BRF:0
BRH:0
end_of_record
TN:
SF:src\ScenePostProcessing.tsx
FN:4,ScenePostProcessing
FNF:1
FNH:0
FNDA:0,ScenePostProcessing
DA:5,0
LF:1
LH:0
BRF:0
BRH:0
end_of_record
TN:
SF:src\SceneWorld.tsx
FN:45,SceneWorld
FN:50,(anonymous_1)
FN:62,(anonymous_2)
FN:66,(anonymous_3)
FNF:4
FNH:0
FNDA:0,SceneWorld
FNDA:0,(anonymous_1)
FNDA:0,(anonymous_2)
FNDA:0,(anonymous_3)
DA:16,0
DA:24,0
DA:32,0
DA:46,0
DA:51,0
DA:63,0
DA:67,0
LF:7
LH:0
BRF:0
BRH:0
end_of_record
TN:
SF:src\constants.ts
FNF:0
FNH:0
DA:1,1
DA:23,1
DA:29,1
LF:3
LH:3
BRF:0
BRH:0
end_of_record
TN:
SF:src\main.tsx
FNF:0
FNH:0
DA:6,0
DA:7,0
DA:8,0
DA:11,0
DA:12,0
LF:5
LH:0
BRDA:7,0,0,0
BRDA:7,0,1,0
BRF:2
BRH:0
end_of_record
TN:
SF:src\types.ts
FNF:0
FNH:0
LF:0
LH:0
BRF:0
BRH:0
end_of_record
TN:
SF:src\components\AuroraSky.tsx
FN:84,AuroraSky
FN:88,(anonymous_1)
FN:97,(anonymous_2)
FNF:3
FNH:0
FNDA:0,AuroraSky
FNDA:0,(anonymous_1)
FNDA:0,(anonymous_2)
DA:5,0
DA:16,0
DA:85,0
DA:87,0
DA:88,0
DA:97,0
DA:98,0
DA:99,0
DA:102,0
DA:103,0
DA:108,0
LF:11
LH:0
BRDA:98,0,0,0
BRDA:98,0,1,0
BRDA:102,1,0,0
BRDA:102,1,1,0
BRF:4
BRH:0
end_of_record
TN:
SF:src\components\DynamicResScaler.tsx
FN:13,DynamicResScaler
FN:14,(anonymous_1)
FN:22,(anonymous_2)
FN:26,(anonymous_3)
FNF:4
FNH:0
FNDA:0,DynamicResScaler
FNDA:0,(anonymous_1)
FNDA:0,(anonymous_2)
FNDA:0,(anonymous_3)
DA:5,0
DA:6,0
DA:7,0
DA:8,0
DA:9,0
DA:10,0
DA:11,0
DA:14,0
DA:17,0
DA:18,0
DA:19,0
DA:22,0
DA:23,0
DA:26,0
DA:27,0
DA:28,0
DA:29,0
DA:31,0
DA:32,0
DA:35,0
DA:36,0
DA:39,0
DA:41,0
DA:43,0
DA:44,0
DA:46,0
DA:50,0
DA:51,0
DA:52,0
DA:53,0
DA:54,0
DA:60,0
LF:32
LH:0
BRDA:9,0,0,0
BRDA:9,0,1,0
BRDA:31,1,0,0
BRDA:31,1,1,0
BRDA:41,2,0,0
BRDA:41,2,1,0
BRDA:44,3,0,0
BRDA:44,3,1,0
BRDA:50,4,0,0
BRDA:50,4,1,0
BRDA:53,5,0,0
BRDA:53,5,1,0
BRF:12
BRH:0
end_of_record
TN:
SF:src\components\Environment.tsx
FN:6,(anonymous_0)
FN:8,(anonymous_1)
FN:31,(anonymous_2)
FN:33,(anonymous_3)
FN:42,(anonymous_4)
FN:58,(anonymous_5)
FN:59,(anonymous_6)
FNF:7
FNH:0
FNDA:0,(anonymous_0)
FNDA:0,(anonymous_1)
FNDA:0,(anonymous_2)
FNDA:0,(anonymous_3)
FNDA:0,(anonymous_4)
FNDA:0,(anonymous_5)
FNDA:0,(anonymous_6)
DA:6,0
DA:7,0
DA:8,0
DA:21,0
DA:28,0
DA:29,0
DA:31,0
DA:32,0
DA:33,0
DA:42,0
DA:44,0
DA:46,0
DA:55,0
DA:56,0
DA:58,0
DA:59,0
DA:60,0
DA:61,0
DA:62,0
DA:64,0
DA:65,0
DA:66,0
DA:67,0
DA:69,0
DA:77,0
DA:80,0
DA:87,0
DA:88,0
LF:28
LH:0
BRDA:67,0,0,0
BRDA:67,0,1,0
BRDA:71,1,0,0
BRDA:71,1,1,0
BRF:4
BRH:0
end_of_record
TN:
SF:src\components\FireworksManager.tsx
FN:22,(anonymous_0)
FN:30,(anonymous_1)
FN:45,(anonymous_2)
FN:96,(anonymous_3)
FN:126,(anonymous_4)
FN:130,(anonymous_5)
FN:143,(anonymous_6)
FN:147,(anonymous_7)
FNF:8
FNH:0
FNDA:0,(anonymous_0)
FNDA:0,(anonymous_1)
FNDA:0,(anonymous_2)
FNDA:0,(anonymous_3)
FNDA:0,(anonymous_4)
FNDA:0,(anonymous_5)
FNDA:0,(anonymous_6)
FNDA:0,(anonymous_7)
DA:15,0
DA:16,0
DA:19,0
DA:20,0
DA:22,0
DA:23,0
DA:26,0
DA:27,0
DA:28,0
DA:30,0
DA:31,0
DA:32,0
DA:34,0
DA:35,0
DA:37,0
DA:38,0
DA:39,0
DA:40,0
DA:41,0
DA:45,0
DA:51,0
DA:52,0
DA:53,0
DA:54,0
DA:55,0
DA:56,0
DA:59,0
DA:60,0
DA:61,0
DA:64,0
DA:65,0
DA:67,0
DA:68,0
DA:69,0
DA:71,0
DA:72,0
DA:73,0
DA:74,0
DA:77,0
DA:78,0
DA:79,0
DA:83,0
DA:84,0
DA:85,0
DA:96,0
DA:97,0
DA:98,0
DA:100,0
DA:105,0
DA:106,0
DA:107,0
DA:108,0
DA:111,0
DA:114,0
DA:117,0
DA:127,0
DA:131,0
DA:132,0
DA:143,0
DA:144,0
DA:145,0
DA:147,0
DA:148,0
DA:150,0
DA:151,0
DA:153,0
DA:154,0
DA:158,0
LF:68
LH:0
BRDA:32,0,0,0
BRDA:32,0,1,0
BRDA:37,1,0,0
BRDA:37,1,1,0
BRDA:52,2,0,0
BRDA:52,2,1,0
BRDA:64,3,0,0
BRDA:64,3,1,0
BRDA:64,4,0,0
BRDA:64,4,1,0
BRDA:85,5,0,0
BRDA:85,5,1,0
BRDA:98,6,0,0
BRDA:98,6,1,0
BRDA:106,7,0,0
BRDA:106,7,1,0
BRDA:148,8,0,0
BRDA:148,8,1,0
BRDA:153,9,0,0
BRDA:153,9,1,0
BRF:20
BRH:0
end_of_record
TN:
SF:src\components\House.tsx
FN:19,(anonymous_0)
FN:30,(anonymous_1)
FN:30,(anonymous_2)
FN:33,(anonymous_3)
FN:74,(anonymous_4)
FN:103,(anonymous_5)
FNF:6
FNH:0
FNDA:0,(anonymous_0)
FNDA:0,(anonymous_1)
FNDA:0,(anonymous_2)
FNDA:0,(anonymous_3)
FNDA:0,(anonymous_4)
FNDA:0,(anonymous_5)
DA:17,0
DA:19,0
DA:27,0
DA:28,0
DA:30,0
DA:31,0
DA:33,0
DA:34,0
DA:43,0
DA:45,0
DA:63,0
DA:64,0
DA:65,0
DA:67,0
DA:71,0
DA:74,0
DA:75,0
DA:76,0
DA:78,0
DA:83,0
DA:84,0
DA:86,0
DA:88,0
DA:91,0
DA:95,0
DA:103,0
LF:26
LH:0
BRDA:22,0,0,0
BRDA:23,1,0,0
BRDA:24,2,0,0
BRDA:25,3,0,0
BRDA:64,4,0,0
BRDA:64,4,1,0
BRDA:76,5,0,0
BRDA:76,5,1,0
BRDA:98,6,0,0
BRDA:98,6,1,0
BRDA:103,7,0,0
BRDA:103,7,1,0
BRF:12
BRH:0
end_of_record
TN:
SF:src\components\InstancedVoxels.tsx
FN:18,(anonymous_0)
FN:25,(anonymous_1)
FN:26,(anonymous_2)
FN:31,(anonymous_3)
FNF:4
FNH:0
FNDA:0,(anonymous_0)
FNDA:0,(anonymous_1)
FNDA:0,(anonymous_2)
FNDA:0,(anonymous_3)
DA:18,0
DA:24,0
DA:25,0
DA:26,0
DA:28,0
DA:29,0
DA:31,0
DA:32,0
DA:33,0
DA:35,0
DA:36,0
DA:38,0
DA:39,0
DA:40,0
DA:42,0
DA:43,0
DA:45,0
DA:48,0
DA:49,0
DA:51,0
DA:52,0
DA:55,0
DA:56,0
DA:58,0
DA:59,0
DA:62,0
DA:64,0
LF:27
LH:0
BRDA:21,0,0,0
BRDA:22,1,0,0
BRDA:29,2,0,0
BRDA:29,2,1,0
BRDA:33,3,0,0
BRDA:33,3,1,0
BRDA:42,4,0,0
BRDA:42,4,1,0
BRDA:56,5,0,0
BRDA:56,5,1,0
BRDA:62,6,0,0
BRDA:62,6,1,0
BRF:12
BRH:0
end_of_record
TN:
SF:src\components\SkyLantern.tsx
FN:11,(anonymous_0)
FN:21,(anonymous_1)
FNF:2
FNH:0
FNDA:0,(anonymous_0)
FNDA:0,(anonymous_1)
DA:11,0
DA:12,0
DA:13,0
DA:15,0
DA:18,0
DA:19,0
DA:21,0
DA:22,0
DA:24,0
DA:27,0
DA:30,0
DA:31,0
DA:35,0
DA:36,0
DA:38,0
DA:39,0
DA:43,0
DA:51,0
DA:52,0
DA:55,0
DA:57,0
DA:61,0
DA:62,0
DA:66,0
DA:70,0
DA:87,0
DA:88,0
LF:27
LH:0
BRDA:11,0,0,0
BRDA:22,1,0,0
BRDA:22,1,1,0
BRDA:30,2,0,0
BRDA:30,2,1,0
BRDA:55,3,0,0
BRDA:55,3,1,0
BRDA:61,4,0,0
BRDA:61,4,1,0
BRF:9
BRH:0
end_of_record
TN:
SF:src\components\VoxelUtils.tsx
FN:12,(anonymous_0)
FN:20,(anonymous_1)
FN:36,(anonymous_2)
FNF:3
FNH:0
FNDA:0,(anonymous_0)
FNDA:0,(anonymous_1)
FNDA:0,(anonymous_2)
DA:12,0
DA:19,0
DA:20,0
DA:24,0
DA:36,0
DA:37,0
DA:38,0
DA:39,0
DA:40,0
DA:42,0
LF:10
LH:0
BRDA:16,0,0,0
BRDA:17,1,0,0
BRF:2
BRH:0
end_of_record
TN:
SF:src\utils\fireworks.ts
FN:6,createExplosionParticles
FNF:1
FNH:1
FNDA:3,createExplosionParticles
DA:11,3
DA:12,3
DA:13,3
DA:15,3
DA:16,3
DA:18,3
DA:19,75
DA:21,75
DA:31,75
DA:32,75
DA:33,75
DA:35,75
DA:36,75
DA:37,75
DA:39,75
DA:42,3
LF:16
LH:16
BRDA:11,0,0,3
BRDA:11,0,1,0
BRDA:12,1,0,1
BRDA:12,1,1,2
BRDA:15,2,0,3
BRDA:15,2,1,3
BRDA:21,3,0,75
BRDA:21,3,1,75
BRF:8
BRH:7
end_of_record
TN:
SF:src\utils\rocket.ts
FN:1,stepRocketPosition
FNF:1
FNH:1
FNDA:2,stepRocketPosition
DA:7,2
DA:8,2
DA:9,2
LF:3
LH:3
BRF:0
BRH:0
end_of_record
TN:
SF:src\utils\threeCache.ts
FN:18,voxelMaterialKey
FN:28,getSharedBoxGeometry
FN:32,getVoxelMaterial
FN:53,getFireworksParticleMaterial
FNF:4
FNH:4
FNDA:3,voxelMaterialKey
FNDA:2,getSharedBoxGeometry
FNDA:3,getVoxelMaterial
FNDA:2,getFireworksParticleMaterial
DA:3,1
DA:4,1
DA:5,1
DA:16,1
DA:19,3
DA:20,3
DA:21,3
DA:22,3
DA:23,3
DA:24,3
DA:25,3
DA:29,2
DA:33,3
DA:34,3
DA:35,3
DA:37,2
DA:47,3
DA:48,3
DA:51,1
DA:54,2
DA:56,1
DA:62,1
LF:22
LH:22
BRDA:19,0,0,3
BRDA:19,0,1,0
BRDA:20,1,0,3
BRDA:20,1,1,3
BRDA:21,2,0,3
BRDA:21,2,1,3
BRDA:22,3,0,3
BRDA:22,3,1,1
BRDA:23,4,0,3
BRDA:23,4,1,1
BRDA:24,5,0,3
BRDA:24,5,1,3
BRDA:25,6,0,3
BRDA:25,6,1,0
BRDA:32,7,0,3
BRDA:35,8,0,1
BRDA:35,8,1,2
BRDA:38,9,0,2
BRDA:38,9,1,0
BRDA:39,10,0,3
BRDA:39,10,1,2
BRDA:40,11,0,3
BRDA:40,11,1,2
BRDA:41,12,0,3
BRDA:41,12,1,1
BRDA:42,13,0,3
BRDA:42,13,1,1
BRDA:43,14,0,3
BRDA:43,14,1,2
BRDA:54,15,0,1
BRDA:54,15,1,1
BRF:31
BRH:28
end_of_record
